 
****************************************
Report : area
Design : top
Version: O-2018.06
Date   : Mon Apr 24 19:48:28 2023
****************************************

Library(s) Used:

    saed14rvt_ss0p72v125c (File: /usr/cad/CBDK/SAED14_EDK_rvt/db_ccs/saed14rvt_ss0p72v125c.db)

Number of ports:                        26169
Number of nets:                         67510
Number of cells:                        37921
Number of combinational cells:          35534
Number of sequential cells:              1554
Number of macros/black boxes:               0
Number of buf/inv:                      14575
Number of references:                      71

Combinational area:              14320.420662
Buf/Inv area:                     2926.759162
Noncombinational area:            1707.091232
Macro/Black Box area:                0.000000
Net Interconnect area:            9862.521438

Total cell area:                 16027.511894
Total area:                      25890.033332
1
