2023-04-23 12:31:07.409971 (9134) main____ INFO    ----------------------------------------
2023-04-23 12:31:07.410152 (9134) main____ INFO    JasperGold version info
2023-04-23 12:31:07.410170 (9134) main____ INFO      tool      : JasperGold 2018.03
2023-04-23 12:31:07.410185 (9134) main____ INFO      version   : 2018.03p001 64 bits
2023-04-23 12:31:07.410197 (9134) main____ INFO      build date: 2018.04.24 18:13:05 PDT
2023-04-23 12:31:07.410205 (9134) main____ INFO    ----------------------------------------
2023-04-23 12:31:07.410212 (9134) main____ INFO    Runtime info:
2023-04-23 12:31:07.410221 (9134) main____ INFO      platform  : Linux 3.10.0-693.el7.x86_64 x86_64
2023-04-23 12:31:07.410232 (9134) main____ INFO      hostname  : vlsicad6
2023-04-23 12:31:07.410240 (9134) main____ INFO      pid       : 9134
2023-04-23 12:31:07.410249 (9134) main____ INFO      arguments : '-style' 'windows' '-superlint' 'superlint.tcl'
2023-04-23 12:31:07.410257 (9134) main____ INFO    ----------------------------------------
2023-04-23 12:31:07.410264 (9134) main____ INFO    System resource limits info:
2023-04-23 12:31:07.410272 (9134) main____ INFO      virtual memory: unlimited
2023-04-23 12:31:07.410281 (9134) main____ INFO      cpu time      : unlimited
2023-04-23 12:31:07.410301 (9134) main____ INFO      stack size    : 8388608 B
2023-04-23 12:31:07.410317 (9134) main____ INFO      core file size: 0 B
2023-04-23 12:31:07.410333 (9134) main____ INFO      open files    : 1024
2023-04-23 12:31:07.410343 (9134) main____ INFO      file size     : unlimited
2023-04-23 12:31:07.410350 (9134) main____ INFO    ----------------------------------------
2023-04-23 12:31:07.410357 (9134) main____ INFO    Memory statistics:
2023-04-23 12:31:07.410365 (9134) main____ INFO      total physical memory  : 20381228 kB
2023-04-23 12:31:07.410372 (9134) main____ INFO      free physical memory   : 11371892 kB
2023-04-23 12:31:07.410379 (9134) main____ INFO      committed address space: 15640672 kB
2023-04-23 12:31:07.410386 (9134) main____ INFO    ----------------------------------------
2023-04-23 12:31:07.410425 (9134) main____ INFO    Important environment variables:
2023-04-23 12:31:07.410442 (9134) main____ INFO      DISPLAY        : 'localhost:11.0'
2023-04-23 12:31:07.410458 (9134) main____ INFO      LM_LICENSE_FILE: '5280@vlsicad8:26000@lscic:1717@lshc:1717@lstn:1717@lstc:1717@lsncku:5280@lstn:26585@lstn:26585@lstc:26585@lshc:26585@lsncku:26585@lscic:'
2023-04-23 12:31:07.410467 (9134) main____ INFO    ----------------------------------------
2023-04-23 12:31:07.411572 (9134) lic_core INFO    Initializing license system ...
2023-04-23 12:31:07.412961 (9134) lic_core INFO    ... license system initialized.
2023-04-23 12:31:07.414537 (9134) lic__man INFO    Claim 'main' for <ui>.
2023-04-23 12:31:07.414592 (9134) lic_core INFO    (1) checking out 'jasper_interactive' ...
2023-04-23 12:31:07.572723 (9134) lic_core INFO    ... (1) checkout succeeded
2023-04-23 12:31:07.572833 (9134) lic__man INFO    Claim 'superlint' for <ui>.
2023-04-23 12:31:07.572876 (9134) lic_core INFO    (2) checking out 'jasper_afl' ...
2023-04-23 12:31:07.673784 (9134) lic_core INFO    ... (2) checkout failed (error: -5) ("FLEXnet ERROR(-5, 0, 0): No such feature exists.")
2023-04-23 12:31:07.673813 (9134) lic_core INFO    (3) checking out 'jasper_dao' ...
2023-04-23 12:31:07.827319 (9134) lic_core INFO    ... (3) checkout succeeded
2023-04-23 12:31:08.929116 (9134) lic__man INFO    Claim 'superlint' for <ui>.
2023-04-23 12:31:09.285604 (9134) lic__man INFO    Unclaim 'superlint' for <ui>.
2023-04-23 12:31:09.285664 (9134) lic__man INFO    Claim 'superlint' for <ui>.
2023-04-23 12:31:09.300529 (9134) session_ INFO    Starting analysis session with session id 'session_0' ...
2023-04-23 12:31:09.302246 (9134) session_ INFO    Analysis session with session id 'session_0' started (pid: 9162)
2023-04-23 12:31:13.244773 (9134) session_ INFO    Analysis session 'session_0' connected to the console (host: 192.168.100.6:56128)
2023-04-23 12:31:14.303268 (9134) lic__man INFO    Unclaim everything for 'session_0'.
2023-04-23 12:31:15.290842 (9134) lic__man INFO    Unclaim everything for 'session_0'.
2023-04-23 12:31:15.471170 (9134) lic__man INFO    Claim 'superlint' for 'session_0'.
2023-04-23 12:34:00.619450 (9134) lic__man INFO    Unclaim everything for 'session_0'.
2023-04-23 12:34:01.534693 (9134) lic__man INFO    Unclaim everything for 'session_0'.
2023-04-23 12:34:01.641656 (9134) lic__man INFO    Claim 'superlint' for 'session_0'.
2023-04-23 12:37:44.445770 (9134) lic__man INFO    Unclaim everything for 'session_0'.
2023-04-23 12:38:20.734025 (9134) lic__man INFO    Unclaim everything for 'session_0'.
2023-04-23 12:38:21.732580 (9134) lic__man INFO    Unclaim everything for 'session_0'.
2023-04-23 12:38:21.854345 (9134) lic__man INFO    Claim 'superlint' for 'session_0'.
2023-04-23 12:39:12.551583 (9134) lic__man INFO    Unclaim everything for 'session_0'.
2023-04-23 12:39:13.504864 (9134) lic__man INFO    Unclaim everything for 'session_0'.
2023-04-23 12:39:13.594642 (9134) lic__man INFO    Claim 'superlint' for 'session_0'.
2023-04-23 12:47:47.444242 (9134) lic__man INFO    Entering idle state.
2023-04-23 12:50:59.393200 (9134) lic__man INFO    Leaving idle state.
2023-04-23 12:53:14.278554 (9134) main____ INFO    About to exit: requested from GUI
2023-04-23 12:53:14.561026 (9134) main____ INFO    Exiting with status 0.
